

Started GET "/" for ::1 at 2015-03-30 15:27:11 +0700

PG::ConnectionBad (fe_sendauth: no password supplied
):
  activerecord (4.2.1) lib/active_record/connection_adapters/postgresql_adapter.rb:651:in `initialize'
  activerecord (4.2.1) lib/active_record/connection_adapters/postgresql_adapter.rb:651:in `new'
  activerecord (4.2.1) lib/active_record/connection_adapters/postgresql_adapter.rb:651:in `connect'
  activerecord (4.2.1) lib/active_record/connection_adapters/postgresql_adapter.rb:242:in `initialize'
  activerecord (4.2.1) lib/active_record/connection_adapters/postgresql_adapter.rb:44:in `new'
  activerecord (4.2.1) lib/active_record/connection_adapters/postgresql_adapter.rb:44:in `postgresql_connection'
  activerecord (4.2.1) lib/active_record/connection_adapters/abstract/connection_pool.rb:438:in `new_connection'
  activerecord (4.2.1) lib/active_record/connection_adapters/abstract/connection_pool.rb:448:in `checkout_new_connection'
  activerecord (4.2.1) lib/active_record/connection_adapters/abstract/connection_pool.rb:422:in `acquire_connection'
  activerecord (4.2.1) lib/active_record/connection_adapters/abstract/connection_pool.rb:349:in `block in checkout'
  /Users/mc976/.rbenv/versions/2.1.3/lib/ruby/2.1.0/monitor.rb:211:in `mon_synchronize'
  activerecord (4.2.1) lib/active_record/connection_adapters/abstract/connection_pool.rb:348:in `checkout'
  activerecord (4.2.1) lib/active_record/connection_adapters/abstract/connection_pool.rb:263:in `block in connection'
  /Users/mc976/.rbenv/versions/2.1.3/lib/ruby/2.1.0/monitor.rb:211:in `mon_synchronize'
  activerecord (4.2.1) lib/active_record/connection_adapters/abstract/connection_pool.rb:262:in `connection'
  activerecord (4.2.1) lib/active_record/connection_adapters/abstract/connection_pool.rb:567:in `retrieve_connection'
  activerecord (4.2.1) lib/active_record/connection_handling.rb:113:in `retrieve_connection'
  activerecord (4.2.1) lib/active_record/connection_handling.rb:87:in `connection'
  activerecord (4.2.1) lib/active_record/migration.rb:384:in `connection'
  activerecord (4.2.1) lib/active_record/migration.rb:371:in `call'
  actionpack (4.2.1) lib/action_dispatch/middleware/callbacks.rb:29:in `block in call'
  activesupport (4.2.1) lib/active_support/callbacks.rb:88:in `call'
  activesupport (4.2.1) lib/active_support/callbacks.rb:88:in `_run_callbacks'
  activesupport (4.2.1) lib/active_support/callbacks.rb:776:in `_run_call_callbacks'
  activesupport (4.2.1) lib/active_support/callbacks.rb:81:in `run_callbacks'
  actionpack (4.2.1) lib/action_dispatch/middleware/callbacks.rb:27:in `call'
  actionpack (4.2.1) lib/action_dispatch/middleware/reloader.rb:73:in `call'
  actionpack (4.2.1) lib/action_dispatch/middleware/remote_ip.rb:78:in `call'
  actionpack (4.2.1) lib/action_dispatch/middleware/debug_exceptions.rb:17:in `call'
  web-console (2.1.2) lib/web_console/middleware.rb:37:in `call'
  actionpack (4.2.1) lib/action_dispatch/middleware/show_exceptions.rb:30:in `call'
  railties (4.2.1) lib/rails/rack/logger.rb:38:in `call_app'
  railties (4.2.1) lib/rails/rack/logger.rb:20:in `block in call'
  activesupport (4.2.1) lib/active_support/tagged_logging.rb:68:in `block in tagged'
  activesupport (4.2.1) lib/active_support/tagged_logging.rb:26:in `tagged'
  activesupport (4.2.1) lib/active_support/tagged_logging.rb:68:in `tagged'
  railties (4.2.1) lib/rails/rack/logger.rb:20:in `call'
  actionpack (4.2.1) lib/action_dispatch/middleware/request_id.rb:21:in `call'
  rack (1.6.0) lib/rack/methodoverride.rb:22:in `call'
  rack (1.6.0) lib/rack/runtime.rb:18:in `call'
  activesupport (4.2.1) lib/active_support/cache/strategy/local_cache_middleware.rb:28:in `call'
  rack (1.6.0) lib/rack/lock.rb:17:in `call'
  actionpack (4.2.1) lib/action_dispatch/middleware/static.rb:113:in `call'
  rack (1.6.0) lib/rack/sendfile.rb:113:in `call'
  railties (4.2.1) lib/rails/engine.rb:518:in `call'
  railties (4.2.1) lib/rails/application.rb:164:in `call'
  rack (1.6.0) lib/rack/lock.rb:17:in `call'
  rack (1.6.0) lib/rack/content_length.rb:15:in `call'
  rack (1.6.0) lib/rack/handler/webrick.rb:89:in `service'
  /Users/mc976/.rbenv/versions/2.1.3/lib/ruby/2.1.0/webrick/httpserver.rb:138:in `service'
  /Users/mc976/.rbenv/versions/2.1.3/lib/ruby/2.1.0/webrick/httpserver.rb:94:in `run'
  /Users/mc976/.rbenv/versions/2.1.3/lib/ruby/2.1.0/webrick/server.rb:295:in `block in start_thread'


  Rendered /Users/mc976/.rbenv/versions/2.1.3/lib/ruby/gems/2.1.0/gems/actionpack-4.2.1/lib/action_dispatch/middleware/templates/rescues/_source.erb (4.7ms)
  Rendered /Users/mc976/.rbenv/versions/2.1.3/lib/ruby/gems/2.1.0/gems/actionpack-4.2.1/lib/action_dispatch/middleware/templates/rescues/_trace.html.erb (1.8ms)
  Rendered /Users/mc976/.rbenv/versions/2.1.3/lib/ruby/gems/2.1.0/gems/actionpack-4.2.1/lib/action_dispatch/middleware/templates/rescues/_request_and_response.html.erb (0.7ms)
  Rendered /Users/mc976/.rbenv/versions/2.1.3/lib/ruby/gems/2.1.0/gems/actionpack-4.2.1/lib/action_dispatch/middleware/templates/rescues/diagnostics.html.erb within rescues/layout (25.0ms)
  Rendered /Users/mc976/.rbenv/versions/2.1.3/lib/ruby/gems/2.1.0/gems/web-console-2.1.2/lib/web_console/templates/_markup.html.erb (0.4ms)
  Rendered /Users/mc976/.rbenv/versions/2.1.3/lib/ruby/gems/2.1.0/gems/web-console-2.1.2/lib/web_console/templates/style.css.erb within layouts/inlined_string (0.3ms)
  Rendered /Users/mc976/.rbenv/versions/2.1.3/lib/ruby/gems/2.1.0/gems/web-console-2.1.2/lib/web_console/templates/_inner_console_markup.html.erb within layouts/inlined_string (0.3ms)
  Rendered /Users/mc976/.rbenv/versions/2.1.3/lib/ruby/gems/2.1.0/gems/web-console-2.1.2/lib/web_console/templates/_prompt_box_markup.html.erb within layouts/inlined_string (0.2ms)
  Rendered /Users/mc976/.rbenv/versions/2.1.3/lib/ruby/gems/2.1.0/gems/web-console-2.1.2/lib/web_console/templates/console.js.erb within layouts/javascript (17.9ms)
  Rendered /Users/mc976/.rbenv/versions/2.1.3/lib/ruby/gems/2.1.0/gems/web-console-2.1.2/lib/web_console/templates/main.js.erb within layouts/javascript (0.3ms)
  Rendered /Users/mc976/.rbenv/versions/2.1.3/lib/ruby/gems/2.1.0/gems/web-console-2.1.2/lib/web_console/templates/error_page.js.erb within layouts/javascript (0.4ms)
  Rendered /Users/mc976/.rbenv/versions/2.1.3/lib/ruby/gems/2.1.0/gems/web-console-2.1.2/lib/web_console/templates/index.html.erb (42.4ms)


Started PUT "/console/repl_sessions/b6b15b8057fbe22ffd2a0114516f5b99" for ::1 at 2015-03-30 15:31:43 +0700


Started GET "/" for ::1 at 2015-03-30 21:32:32 +0700
Processing by Rails::WelcomeController#index as HTML
  Rendered /Users/mc976/.rbenv/versions/2.1.3/lib/ruby/gems/2.1.0/gems/railties-4.2.1/lib/rails/templates/rails/welcome/index.html.erb (2.2ms)
Completed 200 OK in 25ms (Views: 17.4ms | ActiveRecord: 0.0ms)


Started GET "/rails/info/properties" for ::1 at 2015-03-30 21:32:38 +0700
Processing by Rails::InfoController#properties as */*
  Rendered /Users/mc976/.rbenv/versions/2.1.3/lib/ruby/gems/2.1.0/gems/railties-4.2.1/lib/rails/templates/rails/info/properties.html.erb (0.4ms)
Completed 200 OK in 72ms (Views: 9.3ms | ActiveRecord: 32.2ms)
  [1m[36m (46.9ms)[0m  [1mCREATE TABLE "schema_migrations" ("version" character varying NOT NULL) [0m
  [1m[35m (11.9ms)[0m  CREATE UNIQUE INDEX  "unique_schema_migrations" ON "schema_migrations"  ("version")
  [1m[36mActiveRecord::SchemaMigration Load (1.8ms)[0m  [1mSELECT "schema_migrations".* FROM "schema_migrations"[0m
Migrating to Companies (20150330145150)
  [1m[36mActiveRecord::SchemaMigration Load (0.4ms)[0m  [1mSELECT "schema_migrations".* FROM "schema_migrations"[0m
Migrating to Companies (20150330145150)
  [1m[35m (0.2ms)[0m  BEGIN
DEPRECATION WARNING: `#timestamp` was called without specifying an option for `null`. In Rails 5, this behavior will change to `null: false`. You should manually specify `null: true` to prevent the behavior of your existing migrations from changing. (called from block in change at /Users/mc976/google_drive/00_Finance_project/02_tai_lieu_Tran/03_luan_van/03_code/ck/db/migrate/20150330145150_companies.rb:33)
  [1m[36m (17.0ms)[0m  [1mCREATE TABLE "companies" ("id" serial primary key, "ma_ck" character varying, "san_ck" character varying, "gia_hien_tai" character varying, "gia_so_sach" character varying, "p_d" character varying, "cao_nhat_52_tuan" character varying, "thap_nhat_52_tuan" character varying, "eps" character varying, "pe" character varying, "roa" character varying, "roe" character varying, "beta" character varying, "khoi_luong_luu_hanh" character varying, "khoi_luong_niem_yet" character varying, "co_phieu_quy" character varying, "nuoc_ngoai_so_huu" character varying, "von_thi_truong" character varying, "danh_thu_ttm_trieu" character varying, "lnst_ttm" character varying, "von_csh" character varying, "tong_no" character varying, "tong_tai_san" character varying, "ten_cong_ty" character varying, "ten_quoc_te" character varying, "dia_chi" text, "dien_thoai" character varying, "fax" character varying, "website" character varying, "created_at" timestamp, "updated_at" timestamp) [0m
  [1m[35m (3.8ms)[0m  CREATE TABLE "stocks" ("id" serial primary key, "ticker" character varying, "date" timestamp, "openfixed" character varying, "highfixed" character varying, "lowfixed" character varying, "closefixed" character varying, "volume" character varying, "open" character varying, "high" character varying, "low" character varying, "close" character varying, "volumedeal" character varying, "volumefb" character varying, "volumefs" character varying) 
DEPRECATION WARNING: `#timestamp` was called without specifying an option for `null`. In Rails 5, this behavior will change to `null: false`. You should manually specify `null: true` to prevent the behavior of your existing migrations from changing. (called from block in change at /Users/mc976/google_drive/00_Finance_project/02_tai_lieu_Tran/03_luan_van/03_code/ck/db/migrate/20150330145150_companies.rb:94)
  [1m[36m (4.4ms)[0m  [1mCREATE TABLE "financial_reports" ("id" serial primary key, "ticker" character varying, "year" integer, "quater" integer, "current_assets" decimal, "cash_and_cash_euivalents" decimal, "short_term_financial_investment" decimal, "short_term_account_receivables" decimal, "inventory" decimal, "other_current_assets" decimal, "non_current_assets" decimal, "long_term_account_receivable" decimal, "fixed_assets" decimal, "loi_the_thuong_mai" decimal, "real_estate_investment" decimal, "long_term_finacial_investments" decimal, "other_long_term_assets" decimal, "total_assets" decimal, "liabilities" decimal, "short_term_liabilities" decimal, "long_term_liabilities" decimal, "owners_equity" decimal, "loi_ich_co_dong_thieu_so" decimal, "total_equity" decimal, "gross_sale_revenues" decimal, "deduction_revenues" decimal, "net_sales" decimal, "cost_of_goods_sold" decimal, "gross_profit" decimal, "financial_activities_revenues" decimal, "financial_expenses" decimal, "selling_expenses" decimal, "managing_expenses" decimal, "net_profit_from_operating_activities" decimal, "other_incomes" decimal, "other_expenses" decimal, "other_profits" decimal, "total_profit_before_tax" decimal, "profit_after_corporate_income_tax" decimal, "ebitda" decimal, "created_at" timestamp, "updated_at" timestamp) [0m
  [1m[35mSQL (6.3ms)[0m  INSERT INTO "schema_migrations" ("version") VALUES ($1)  [["version", "20150330145150"]]
  [1m[36m (6.8ms)[0m  [1mCOMMIT[0m
  [1m[35mActiveRecord::SchemaMigration Load (0.5ms)[0m  SELECT "schema_migrations".* FROM "schema_migrations"
  [1m[36m (4.0ms)[0m  [1mSELECT t2.oid::regclass::text AS to_table, a1.attname AS column, a2.attname AS primary_key, c.conname AS name, c.confupdtype AS on_update, c.confdeltype AS on_delete
FROM pg_constraint c
JOIN pg_class t1 ON c.conrelid = t1.oid
JOIN pg_class t2 ON c.confrelid = t2.oid
JOIN pg_attribute a1 ON a1.attnum = c.conkey[1] AND a1.attrelid = t1.oid
JOIN pg_attribute a2 ON a2.attnum = c.confkey[1] AND a2.attrelid = t2.oid
JOIN pg_namespace t3 ON c.connamespace = t3.oid
WHERE c.contype = 'f'
  AND t1.relname = 'companies'
  AND t3.nspname = ANY (current_schemas(false))
ORDER BY c.conname
[0m
  [1m[35m (3.3ms)[0m  SELECT t2.oid::regclass::text AS to_table, a1.attname AS column, a2.attname AS primary_key, c.conname AS name, c.confupdtype AS on_update, c.confdeltype AS on_delete
FROM pg_constraint c
JOIN pg_class t1 ON c.conrelid = t1.oid
JOIN pg_class t2 ON c.confrelid = t2.oid
JOIN pg_attribute a1 ON a1.attnum = c.conkey[1] AND a1.attrelid = t1.oid
JOIN pg_attribute a2 ON a2.attnum = c.confkey[1] AND a2.attrelid = t2.oid
JOIN pg_namespace t3 ON c.connamespace = t3.oid
WHERE c.contype = 'f'
  AND t1.relname = 'financial_reports'
  AND t3.nspname = ANY (current_schemas(false))
ORDER BY c.conname

  [1m[36m (3.3ms)[0m  [1mSELECT t2.oid::regclass::text AS to_table, a1.attname AS column, a2.attname AS primary_key, c.conname AS name, c.confupdtype AS on_update, c.confdeltype AS on_delete
FROM pg_constraint c
JOIN pg_class t1 ON c.conrelid = t1.oid
JOIN pg_class t2 ON c.confrelid = t2.oid
JOIN pg_attribute a1 ON a1.attnum = c.conkey[1] AND a1.attrelid = t1.oid
JOIN pg_attribute a2 ON a2.attnum = c.confkey[1] AND a2.attrelid = t2.oid
JOIN pg_namespace t3 ON c.connamespace = t3.oid
WHERE c.contype = 'f'
  AND t1.relname = 'stocks'
  AND t3.nspname = ANY (current_schemas(false))
ORDER BY c.conname
[0m
